<?xml version="1.0" encoding="UTF-8"?>
<testng-results ignored="4" total="5" passed="1" failed="0" skipped="0">
  <reporter-output>
  </reporter-output>
  <suite started-at="2024-06-07T13:09:47 IST" name="Default suite" finished-at="2024-06-07T13:09:47 IST" duration-ms="148">
    <groups>
    </groups>
    <test started-at="2024-06-07T13:09:47 IST" name="Default test" finished-at="2024-06-07T13:09:47 IST" duration-ms="148">
      <class name="JAVA.mock">
        <test-method signature="qn5()[pri:0, instance:JAVA.mock@769f71a9]" started-at="2024-06-07T13:09:47 IST" name="qn5" finished-at="2024-06-07T13:09:47 IST" duration-ms="23" status="PASS">
          <reporter-output>
          </reporter-output>
        </test-method> <!-- qn5 -->
      </class> <!-- JAVA.mock -->
    </test> <!-- Default test -->
  </suite> <!-- Default suite -->
</testng-results>
