<?xml version="1.0" encoding="UTF-8"?>
<!-- Generated by org.testng.reporters.JUnitXMLReporter -->
<testsuite ignored="4" hostname="DESKTOP-6576BOH" failures="0" tests="1" name="Default test" time="0.148" errors="0" timestamp="2024-06-07T13:09:48 IST">
  <testcase classname="JAVA.mock" name="qn5" time="0.023"/>
  <testcase classname="JAVA.mock" name="qn2" time="0.0">
    <ignored/>
  </testcase> <!-- qn2 -->
  <testcase classname="JAVA.mock" name="qn1" time="0.0">
    <ignored/>
  </testcase> <!-- qn1 -->
  <testcase classname="JAVA.mock" name="qn4" time="0.0">
    <ignored/>
  </testcase> <!-- qn4 -->
  <testcase classname="JAVA.mock" name="qn3" time="0.0">
    <ignored/>
  </testcase> <!-- qn3 -->
</testsuite> <!-- Default test -->
